>>> Sass is watching for changes. Press Ctrl-C to stop.
>>> Change detected to: sass/_adaptive.scss
      write style.css
      write style.css.map
>>> Change detected to: sass/_adaptive.scss
      write style.css
      write style.css.map
>>> Change detected to: sass/_adaptive.scss
      write style.css
      write style.css.map
>>> Change detected to: sass/_adaptive.scss
      write style.css
      write style.css.map
>>> Change detected to: sass/_adaptive.scss
      write style.css
      write style.css.map
>>> Change detected to: sass/_adaptive.scss
      write style.css
      write style.css.map
>>> Change detected to: sass/_adaptive.scss
      write style.css
      write style.css.map
>>> Change detected to: sass/_adaptive.scss
      write style.css
      write style.css.map
>>> Change detected to: sass/_template_styles.scss
      write style.css
      write style.css.map
>>> Change detected to: sass/_template_styles.scss
      write style.css
      write style.css.map
>>> Change detected to: sass/_template_styles.scss
      write style.css
      write style.css.map
>>> Change detected to: sass/_template_styles.scss
      write style.css
      write style.css.map
>>> Change detected to: sass/_adaptive.scss
      write style.css
      write style.css.map
>>> Change detected to: sass/_adaptive.scss
      write style.css
      write style.css.map
>>> Change detected to: sass/_adaptive.scss
      write style.css
      write style.css.map
>>> Change detected to: sass/_adaptive.scss
      write style.css
      write style.css.map
>>> Change detected to: sass/_adaptive.scss
      write style.css
      write style.css.map
>>> Change detected to: sass/_adaptive.scss
      write style.css
      write style.css.map
>>> Change detected to: sass/_adaptive.scss
      write style.css
      write style.css.map
>>> Change detected to: sass/_adaptive.scss
      write style.css
      write style.css.map
>>> Change detected to: sass/_adaptive.scss
      write style.css
      write style.css.map
>>> Change detected to: sass/_adaptive.scss
      write style.css
      write style.css.map
>>> Change detected to: sass/_adaptive.scss
      write style.css
      write style.css.map
>>> Change detected to: sass/_adaptive.scss
      write style.css
      write style.css.map
>>> Change detected to: sass/_adaptive.scss
      write style.css
      write style.css.map
>>> Change detected to: sass/_adaptive.scss
      write style.css
      write style.css.map
>>> Change detected to: sass/_adaptive.scss
      write style.css
      write style.css.map
>>> Change detected to: sass/_adaptive.scss
      write style.css
      write style.css.map
>>> Change detected to: sass/_adaptive.scss
      write style.css
      write style.css.map
>>> Change detected to: sass/_adaptive.scss
      write style.css
      write style.css.map
>>> Change detected to: sass/_adaptive.scss
      write style.css
      write style.css.map
>>> Change detected to: sass/_adaptive.scss
      write style.css
      write style.css.map
>>> Change detected to: sass/_adaptive.scss
      write style.css
      write style.css.map
>>> Change detected to: sass/_template_styles.scss
      write style.css
      write style.css.map
>>> Change detected to: sass/_template_styles.scss
      write style.css
      write style.css.map
>>> Change detected to: sass/_template_styles.scss
      write style.css
      write style.css.map
>>> Change detected to: sass/_template_styles.scss
      write style.css
      write style.css.map
>>> Change detected to: sass/_template_styles.scss
      write style.css
      write style.css.map
>>> Change detected to: sass/_template_styles.scss
      write style.css
      write style.css.map
>>> Change detected to: sass/_template_styles.scss
      write style.css
      write style.css.map
>>> Change detected to: sass/_adaptive.scss
      write style.css
      write style.css.map
>>> Change detected to: sass/_adaptive.scss
      write style.css
      write style.css.map
>>> Change detected to: sass/_adaptive.scss
      write style.css
      write style.css.map
>>> Change detected to: sass/_adaptive.scss
      write style.css
      write style.css.map
>>> Change detected to: sass/_adaptive.scss
      write style.css
      write style.css.map
>>> Change detected to: sass/_adaptive.scss
      write style.css
      write style.css.map
>>> Change detected to: sass/_adaptive.scss
      write style.css
      write style.css.map
>>> Change detected to: sass/_adaptive.scss
      write style.css
      write style.css.map
>>> Change detected to: sass/_template_styles.scss
      write style.css
      write style.css.map
>>> Change detected to: sass/_template_styles.scss
      write style.css
      write style.css.map
>>> Change detected to: sass/_adaptive.scss
      write style.css
      write style.css.map
>>> Change detected to: sass/_adaptive.scss
      write style.css
      write style.css.map
>>> Change detected to: sass/_adaptive.scss
      write style.css
      write style.css.map
>>> Change detected to: sass/_adaptive.scss
      write style.css
      write style.css.map
>>> Change detected to: sass/_adaptive.scss
      write style.css
      write style.css.map
>>> Change detected to: sass/_adaptive.scss
      write style.css
      write style.css.map
>>> Change detected to: sass/_adaptive.scss
      write style.css
      write style.css.map
>>> Change detected to: sass/_adaptive.scss
      write style.css
      write style.css.map
>>> Change detected to: sass/_adaptive.scss
      write style.css
      write style.css.map
>>> Change detected to: sass/_adaptive.scss
      write style.css
      write style.css.map
>>> Change detected to: sass/_adaptive.scss
      write style.css
      write style.css.map
>>> Change detected to: sass/_adaptive.scss
      write style.css
      write style.css.map
>>> Change detected to: sass/_adaptive.scss
      write style.css
      write style.css.map
>>> Change detected to: sass/_adaptive.scss
      write style.css
      write style.css.map
>>> Change detected to: sass/_template_styles.scss
      error sass/_template_styles.scss (Line 1609: Invalid CSS after "  top: 50px; ": expected "}", was "!important; /*6...")
>>> Change detected to: sass/_template_styles.scss
      write style.css
      write style.css.map
>>> Change detected to: sass/_adaptive.scss
      write style.css
      write style.css.map
>>> Change detected to: sass/_adaptive.scss
      write style.css
      write style.css.map
>>> Change detected to: sass/_adaptive.scss
      write style.css
      write style.css.map
>>> Change detected to: sass/_adaptive.scss
      write style.css
      write style.css.map
>>> Change detected to: sass/_adaptive.scss
      write style.css
      write style.css.map
>>> Change detected to: sass/_adaptive.scss
      write style.css
      write style.css.map
>>> Change detected to: sass/_adaptive.scss
      write style.css
      write style.css.map
>>> Change detected to: sass/_adaptive.scss
      write style.css
      write style.css.map
>>> Change detected to: sass/_adaptive.scss
      write style.css
      write style.css.map
>>> Change detected to: sass/_adaptive.scss
      write style.css
      write style.css.map
>>> Change detected to: sass/_adaptive.scss
      write style.css
      write style.css.map
>>> Change detected to: sass/_adaptive.scss
      write style.css
      write style.css.map
>>> Change detected to: sass/_adaptive.scss
      write style.css
      write style.css.map
>>> Change detected to: sass/_template_styles.scss
      write style.css
      write style.css.map
>>> Change detected to: sass/_template_styles.scss
      write style.css
      write style.css.map
>>> Change detected to: sass/_adaptive.scss
      write style.css
      write style.css.map
>>> Change detected to: sass/_adaptive.scss
      write style.css
      write style.css.map
>>> Change detected to: sass/_adaptive.scss
      write style.css
      write style.css.map
>>> Change detected to: sass/_adaptive.scss
      write style.css
      write style.css.map
>>> Change detected to: sass/_adaptive.scss
      write style.css
      write style.css.map
>>> Change detected to: sass/_adaptive.scss
      write style.css
      write style.css.map
>>> Change detected to: sass/_adaptive.scss
      write style.css
      write style.css.map
>>> Change detected to: sass/_adaptive.scss
      write style.css
      write style.css.map
>>> Change detected to: sass/_adaptive.scss
      write style.css
      write style.css.map
>>> Change detected to: sass/_adaptive.scss
      write style.css
      write style.css.map
>>> Change detected to: sass/_template_styles.scss
      write style.css
      write style.css.map
>>> Change detected to: sass/_adaptive.scss
      write style.css
      write style.css.map
>>> Change detected to: sass/_template_styles.scss
      write style.css
      write style.css.map
>>> Change detected to: sass/_template_styles.scss
      write style.css
      write style.css.map
>>> Change detected to: sass/_template_styles.scss
      write style.css
      write style.css.map
>>> Change detected to: sass/_template_styles.scss
      write style.css
      write style.css.map
>>> Change detected to: sass/_template_styles.scss
      write style.css
      write style.css.map
>>> Change detected to: sass/_template_styles.scss
      write style.css
      write style.css.map
>>> Change detected to: sass/_template_styles.scss
      write style.css
      write style.css.map
>>> Change detected to: sass/_template_styles.scss
      write style.css
      write style.css.map
SignalException: SIGTERM
  Use --trace for backtrace.
>>> Sass is watching for changes. Press Ctrl-C to stop.
      write style.css
      write style.css.map
>>> Change detected to: sass/_template_styles.scss
      write style.css
      write style.css.map
>>> Change detected to: sass/_template_styles.scss
      write style.css
      write style.css.map
>>> Change detected to: sass/_template_styles.scss
      write style.css
      write style.css.map
>>> Change detected to: sass/_template_styles.scss
      write style.css
      write style.css.map
>>> Change detected to: sass/_template_styles.scss
      write style.css
      write style.css.map
>>> Change detected to: sass/_template_styles.scss
      write style.css
      write style.css.map
>>> Change detected to: sass/_template_styles.scss
      write style.css
      write style.css.map
>>> Change detected to: sass/_template_styles.scss
      write style.css
      write style.css.map
>>> Change detected to: sass/_template_styles.scss
      write style.css
      write style.css.map
>>> Change detected to: sass/_template_styles.scss
      write style.css
      write style.css.map
>>> Change detected to: sass/_template_styles.scss
      write style.css
      write style.css.map
>>> Change detected to: sass/_template_styles.scss
      write style.css
      write style.css.map
>>> Change detected to: sass/_template_styles.scss
      write style.css
      write style.css.map
>>> Change detected to: sass/_template_styles.scss
      write style.css
      write style.css.map
>>> Change detected to: sass/_template_styles.scss
      write style.css
      write style.css.map
>>> Change detected to: sass/_template_styles.scss
      write style.css
      write style.css.map
>>> Change detected to: sass/_template_styles.scss
      write style.css
      write style.css.map
>>> Change detected to: sass/_template_styles.scss
      write style.css
      write style.css.map
>>> Change detected to: sass/_template_styles.scss
      error sass/_template_styles.scss (Line 4265: Invalid CSS after "}": expected "}", was "")
>>> Change detected to: sass/_template_styles.scss
      write style.css
      write style.css.map
>>> Change detected to: sass/_template_styles.scss
      write style.css
      write style.css.map
>>> Change detected to: sass/_template_styles.scss
      write style.css
      write style.css.map
>>> Change detected to: sass/_template_styles.scss
      write style.css
      write style.css.map
>>> Change detected to: sass/_template_styles.scss
      write style.css
      write style.css.map
>>> Change detected to: sass/_template_styles.scss
      write style.css
      write style.css.map
>>> Change detected to: sass/_template_styles.scss
      write style.css
      write style.css.map
>>> Change detected to: sass/_template_styles.scss
      write style.css
      write style.css.map
>>> Change detected to: sass/_template_styles.scss
      write style.css
      write style.css.map
>>> Change detected to: sass/_template_styles.scss
      write style.css
      write style.css.map
>>> Change detected to: sass/_template_styles.scss
      write style.css
      write style.css.map
>>> Change detected to: sass/_template_styles.scss
      write style.css
      write style.css.map
>>> Change detected to: sass/_template_styles.scss
      write style.css
      write style.css.map
>>> Change detected to: sass/_template_styles.scss
      write style.css
      write style.css.map
>>> Change detected to: sass/_template_styles.scss
      write style.css
      write style.css.map
>>> Change detected to: sass/_template_styles.scss
      write style.css
      write style.css.map
>>> Change detected to: sass/_template_styles.scss
      write style.css
      write style.css.map
>>> Change detected to: sass/_template_styles.scss
      write style.css
      write style.css.map
>>> Change detected to: sass/_template_styles.scss
      write style.css
      write style.css.map
>>> Change detected to: sass/_template_styles.scss
      write style.css
      write style.css.map
>>> Change detected to: sass/_template_styles.scss
      write style.css
      write style.css.map
>>> Change detected to: sass/_template_styles.scss
      write style.css
      write style.css.map
>>> Change detected to: sass/_template_styles.scss
      write style.css
      write style.css.map
>>> Change detected to: sass/_template_styles.scss
      write style.css
      write style.css.map
